<?xml version="1.0" encoding="UTF-8"?>
<rss xmlns:atom="http://www.w3.org/2005/Atom" xmlns:content="http://purl.org/rss/1.0/modules/content/" xmlns:dc="http://purl.org/dc/elements/1.1/" xmlns:sparkle="http://www.andymatuschak.org/xml-namespaces/sparkle" version="2.0">
	<channel>
		<title>Test Library</title>
		<generator>Sketch</generator>
		<item>
			<title>Test Library</title>
			<pubDate>Wed, 12 Feb 2020 12:33:43 +0000</pubDate>
			<enclosure url="https://github.com/salesforce-ux/sketch-library-test/raw/master/test-library.sketch" type="application/octet-stream" sparkle:version="1.0.6"/>
		</item>
	</channel>
</rss>
